TN:
SF:app.js
FN:15,(anonymous_0)
FNF:1
FNH:1
FNDA:1,(anonymous_0)
DA:3,1
DA:4,1
DA:5,1
DA:6,1
DA:12,1
DA:15,1
DA:16,1
DA:20,1
LF:8
LH:8
BRF:0
BRH:0
end_of_record
TN:
SF:controllers\studentControllers.js
FN:5,(anonymous_0)
FN:9,(anonymous_1)
FN:14,(anonymous_2)
FN:18,(anonymous_3)
FN:22,(anonymous_4)
FN:30,(anonymous_5)
FN:34,(anonymous_6)
FN:38,(anonymous_7)
FN:39,(anonymous_8)
FN:40,(anonymous_9)
FN:46,(anonymous_10)
FN:47,(anonymous_11)
FN:49,(anonymous_12)
FN:53,(anonymous_13)
FNF:14
FNH:12
FNDA:5,(anonymous_0)
FNDA:1,(anonymous_1)
FNDA:1,(anonymous_2)
FNDA:1,(anonymous_3)
FNDA:2,(anonymous_4)
FNDA:0,(anonymous_5)
FNDA:2,(anonymous_6)
FNDA:1,(anonymous_7)
FNDA:1,(anonymous_8)
FNDA:1,(anonymous_9)
FNDA:1,(anonymous_10)
FNDA:1,(anonymous_11)
FNDA:1,(anonymous_12)
FNDA:0,(anonymous_13)
DA:1,1
DA:10,1
DA:11,1
DA:15,1
DA:19,1
DA:23,2
DA:24,2
DA:25,2
DA:27,2
DA:31,0
DA:35,2
DA:39,1
DA:40,1
DA:41,1
DA:47,1
DA:48,1
DA:50,1
DA:51,1
DA:54,0
DA:55,0
DA:61,1
LF:21
LH:18
BRF:0
BRH:0
end_of_record
TN:
SF:controllers\userController.js
FN:1,(anonymous_0)
FN:6,(anonymous_1)
FNF:2
FNH:1
FNDA:0,(anonymous_0)
FNDA:1,(anonymous_1)
DA:1,1
DA:2,0
DA:6,1
DA:7,1
DA:19,1
DA:25,1
LF:6
LH:5
BRF:0
BRH:0
end_of_record
TN:
SF:routes\userRoutes.js
FNF:0
FNH:0
DA:1,1
DA:2,1
DA:3,1
DA:5,1
DA:6,1
DA:10,1
LF:6
LH:6
BRF:0
BRH:0
end_of_record
